  raytracing.cpp
C:\Users\valen\Documents\Visual Studio 2019\synthese-image\raytracing.cpp(50,13): warning C4244: 'initialisation' : conversion de 'double' en 'float', perte possible de données
C:\Users\valen\Documents\Visual Studio 2019\synthese-image\raytracing.cpp(60,30): warning C4244: 'return' : conversion de 'double' en 'float', perte possible de données
C:\Users\valen\Documents\Visual Studio 2019\synthese-image\raytracing.cpp(66,30): warning C4244: 'return' : conversion de 'double' en 'float', perte possible de données
C:\Users\valen\Documents\Visual Studio 2019\synthese-image\raytracing.cpp(110,82): warning C4244: 'argument' : conversion de 'double' en 'const float', perte possible de données
C:\Users\valen\Documents\Visual Studio 2019\synthese-image\raytracing.cpp(209,16): warning C4244: 'return' : conversion de 'double' en 'float', perte possible de données
C:\Users\valen\Documents\Visual Studio 2019\synthese-image\raytracing.cpp(236,17): warning C4244: 'initialisation' : conversion de 'double' en 'float', perte possible de données
C:\Users\valen\Documents\Visual Studio 2019\synthese-image\raytracing.cpp(394,59): warning C4244: 'argument' : conversion de 'unsigned int' en 'float', perte possible de données
C:\Users\valen\Documents\Visual Studio 2019\synthese-image\raytracing.cpp(394,52): warning C4244: 'argument' : conversion de 'unsigned int' en 'float', perte possible de données
C:\Users\valen\Documents\Visual Studio 2019\synthese-image\raytracing.cpp(394,45): warning C4244: 'argument' : conversion de 'unsigned int' en 'float', perte possible de données
C:\Users\valen\Documents\Visual Studio 2019\synthese-image\raytracing.cpp(459,50): warning C4244: 'argument' : conversion de 'unsigned int' en 'float', perte possible de données
C:\Users\valen\Documents\Visual Studio 2019\synthese-image\raytracing.cpp(459,39): warning C4244: 'argument' : conversion de 'unsigned int' en 'float', perte possible de données
C:\Users\valen\Documents\Visual Studio 2019\synthese-image\raytracing.cpp(478,49): warning C4244: 'argument' : conversion de 'unsigned int' en 'float', perte possible de données
C:\Users\valen\Documents\Visual Studio 2019\synthese-image\raytracing.cpp(478,46): warning C4244: 'argument' : conversion de 'unsigned int' en 'float', perte possible de données
C:\Users\valen\Documents\Visual Studio 2019\synthese-image\raytracing.cpp(490,83): warning C4244: 'argument' : conversion de 'float' en 'int', perte possible de données
C:\Users\valen\Documents\Visual Studio 2019\synthese-image\raytracing.cpp(490,67): warning C4244: 'argument' : conversion de 'float' en 'int', perte possible de données
C:\Users\valen\Documents\Visual Studio 2019\synthese-image\raytracing.cpp(490,51): warning C4244: 'argument' : conversion de 'float' en 'int', perte possible de données
  Génération de code en cours
  1 of 508 functions ( 0.2%) were compiled, the rest were copied from previous compilation.
    0 functions were new in current compilation
    3 functions had inline decision re-evaluated but remain unchanged
  Fin de la génération du code
  synthese-image.vcxproj -> C:\Users\valen\Documents\Visual Studio 2019\synthese-image\x64\Release\synthese-image.exe
